{"/Users/colbyburke/Documents/GitHub/JavaScript-Practice/getting-started-with-jest/src/filterByTerm.js": {"path":"/Users/colbyburke/Documents/GitHub/JavaScript-Practice/getting-started-with-jest/src/filterByTerm.js","statementMap":{"0":{"start":{"line":3,"column":4},"end":{"line":3,"column":57}},"1":{"start":{"line":3,"column":21},"end":{"line":3,"column":57}},"2":{"start":{"line":4,"column":18},"end":{"line":4,"column":45}},"3":{"start":{"line":5,"column":4},"end":{"line":7,"column":6}},"4":{"start":{"line":6,"column":6},"end":{"line":6,"column":43}},"5":{"start":{"line":9,"column":0},"end":{"line":9,"column":29}}},"fnMap":{"0":{"name":"filterByTerm","decl":{"start":{"line":2,"column":9},"end":{"line":2,"column":21}},"loc":{"start":{"line":2,"column":44},"end":{"line":8,"column":1}},"line":2},"1":{"name":"(anonymous_1)","decl":{"start":{"line":5,"column":27},"end":{"line":5,"column":28}},"loc":{"start":{"line":5,"column":50},"end":{"line":7,"column":5}},"line":5}},"branchMap":{"0":{"loc":{"start":{"line":3,"column":4},"end":{"line":3,"column":57}},"type":"if","locations":[{"start":{"line":3,"column":4},"end":{"line":3,"column":57}},{"start":{"line":3,"column":4},"end":{"line":3,"column":57}}],"line":3}},"s":{"0":4,"1":1,"2":3,"3":3,"4":9,"5":1},"f":{"0":4,"1":9},"b":{"0":[1,3]},"_coverageSchema":"43e27e138ebf9cfc5966b082cf9a028302ed4184","hash":"94adcd6fdda86a42234d2397b7769a19e0891c56"}
}
